Command line invocation:
    /Applications/Xcode.app/Contents/Developer/usr/bin/xcodebuild -workspace VideoFrames.xcworkspace -scheme VideoFrames -configuration Debug -sdk iphonesimulator -destination "platform=iOS Simulator,name=iPhone 15" clean build CODE_SIGN_IDENTITY= CODE_SIGNING_REQUIRED=NO

Build settings from command line:
    CODE_SIGN_IDENTITY = 
    CODE_SIGNING_REQUIRED = NO
    SDKROOT = iphonesimulator26.0

Resolve Package Graph


Resolved source packages:
  PryntTrimmerView: https://github.com/HHK1/PryntTrimmerView.git @ 4.0.2

2025-11-27 08:12:52.927 xcodebuild[28557:12152813] Writing error result bundle to /var/folders/px/ds9cvht54bn9t9lnfhgh800c0000gn/T/ResultBundle_2025-27-11_08-12-0052.xcresult
xcodebuild: error: Unable to find a device matching the provided destination specifier:
		{ platform:iOS Simulator, OS:latest, name:iPhone 15 }

	The requested device could not be found because no available devices matched the request.

	Available destinations for the "VideoFrames" scheme:
		{ platform:macOS, arch:arm64, variant:Designed for [iPad,iPhone], id:00008132-000239A23439801C, name:My Mac }
		{ platform:iOS, arch:arm64, id:00008110-001C6C183E80A01E, name:Vaibhav }
		{ platform:iOS, id:dvtdevice-DVTiPhonePlaceholder-iphoneos:placeholder, name:Any iOS Device }
		{ platform:iOS Simulator, id:dvtdevice-DVTiOSDeviceSimulatorPlaceholder-iphonesimulator:placeholder, name:Any iOS Simulator Device }
		{ platform:iOS Simulator, arch:arm64, id:FE468199-1AF2-4EBE-8F86-D38F88BFF064, OS:15.2, name:iPad (9th generation) }
		{ platform:iOS Simulator, arch:x86_64, id:FE468199-1AF2-4EBE-8F86-D38F88BFF064, OS:15.2, name:iPad (9th generation) }
		{ platform:iOS Simulator, arch:arm64, id:CD7F9FE2-255C-4E72-8E42-4FAD59CDF247, OS:18.5, name:iPad (A16) }
		{ platform:iOS Simulator, arch:x86_64, id:CD7F9FE2-255C-4E72-8E42-4FAD59CDF247, OS:18.5, name:iPad (A16) }
		{ platform:iOS Simulator, arch:arm64, id:B98B3D46-4E2C-4AE5-B284-8F2E7F98457F, OS:26.0, name:iPad (A16) }
		{ platform:iOS Simulator, arch:arm64, id:912F9F78-7788-422F-B50A-2086A4CC80E6, OS:15.2, name:iPad Air (4th generation) }
		{ platform:iOS Simulator, arch:x86_64, id:912F9F78-7788-422F-B50A-2086A4CC80E6, OS:15.2, name:iPad Air (4th generation) }
		{ platform:iOS Simulator, arch:arm64, id:15198F8E-F43B-4001-9273-09D913809941, OS:18.5, name:iPad Air 11-inch (M3) }
		{ platform:iOS Simulator, arch:x86_64, id:15198F8E-F43B-4001-9273-09D913809941, OS:18.5, name:iPad Air 11-inch (M3) }
		{ platform:iOS Simulator, arch:arm64, id:CFF14535-2C36-4EDC-B49C-CF2C2DA356AC, OS:26.0, name:iPad Air 11-inch (M3) }
		{ platform:iOS Simulator, arch:arm64, id:1A1ACE24-6725-4296-802E-F7C39F52BF55, OS:18.5, name:iPad Air 13-inch (M3) }
		{ platform:iOS Simulator, arch:x86_64, id:1A1ACE24-6725-4296-802E-F7C39F52BF55, OS:18.5, name:iPad Air 13-inch (M3) }
		{ platform:iOS Simulator, arch:arm64, id:B97055B2-271E-4790-BA77-D8ABCE25DEFF, OS:26.0, name:iPad Air 13-inch (M3) }
		{ platform:iOS Simulator, arch:arm64, id:3B2D793E-0C26-435B-BD52-4F868E704D47, OS:15.2, name:iPad Pro (9.7-inch) }
		{ platform:iOS Simulator, arch:x86_64, id:3B2D793E-0C26-435B-BD52-4F868E704D47, OS:15.2, name:iPad Pro (9.7-inch) }
		{ platform:iOS Simulator, arch:arm64, id:22012D75-D47A-4E4B-9A7C-58458514FF4A, OS:15.2, name:iPad Pro (11-inch) (3rd generation) }
		{ platform:iOS Simulator, arch:x86_64, id:22012D75-D47A-4E4B-9A7C-58458514FF4A, OS:15.2, name:iPad Pro (11-inch) (3rd generation) }
		{ platform:iOS Simulator, arch:arm64, id:DF9290EB-C378-46CE-9340-F422A259C938, OS:15.2, name:iPad Pro (12.9-inch) (5th generation) }
		{ platform:iOS Simulator, arch:x86_64, id:DF9290EB-C378-46CE-9340-F422A259C938, OS:15.2, name:iPad Pro (12.9-inch) (5th generation) }
		{ platform:iOS Simulator, arch:arm64, id:D11EBB54-9084-4734-B9CB-2B2142CE0081, OS:18.5, name:iPad Pro 11-inch (M4) }
		{ platform:iOS Simulator, arch:x86_64, id:D11EBB54-9084-4734-B9CB-2B2142CE0081, OS:18.5, name:iPad Pro 11-inch (M4) }
		{ platform:iOS Simulator, arch:arm64, id:478B3BA7-1954-4574-B5AD-9FAC619D395C, OS:26.0, name:iPad Pro 11-inch (M4) }
		{ platform:iOS Simulator, arch:arm64, id:A73CA73A-DF39-492F-AF83-5BF7A5AD4269, OS:18.5, name:iPad Pro 13-inch (M4) }
		{ platform:iOS Simulator, arch:x86_64, id:A73CA73A-DF39-492F-AF83-5BF7A5AD4269, OS:18.5, name:iPad Pro 13-inch (M4) }
		{ platform:iOS Simulator, arch:arm64, id:56F3B039-1D86-4261-874A-DA27FCAD867E, OS:26.0, name:iPad Pro 13-inch (M4) }
		{ platform:iOS Simulator, arch:arm64, id:F2BEB7AD-0B50-46E1-9D68-6516EF59D8FC, OS:15.2, name:iPad mini (6th generation) }
		{ platform:iOS Simulator, arch:x86_64, id:F2BEB7AD-0B50-46E1-9D68-6516EF59D8FC, OS:15.2, name:iPad mini (6th generation) }
		{ platform:iOS Simulator, arch:arm64, id:83E50510-6E5C-4E19-AAB6-EC3EDCD6AABC, OS:18.5, name:iPad mini (A17 Pro) }
		{ platform:iOS Simulator, arch:x86_64, id:83E50510-6E5C-4E19-AAB6-EC3EDCD6AABC, OS:18.5, name:iPad mini (A17 Pro) }
		{ platform:iOS Simulator, arch:arm64, id:0D04964E-5BD4-4E8D-B627-28BBEEA840E8, OS:26.0, name:iPad mini (A17 Pro) }
		{ platform:iOS Simulator, arch:arm64, id:1E384D8E-FA1A-4821-8324-D81C88F1D3D5, OS:15.2, name:iPhone 13 }
		{ platform:iOS Simulator, arch:x86_64, id:1E384D8E-FA1A-4821-8324-D81C88F1D3D5, OS:15.2, name:iPhone 13 }
		{ platform:iOS Simulator, arch:arm64, id:5149C705-48E7-4730-A3D2-621388575B39, OS:15.2, name:iPhone 13 Pro }
		{ platform:iOS Simulator, arch:x86_64, id:5149C705-48E7-4730-A3D2-621388575B39, OS:15.2, name:iPhone 13 Pro }
		{ platform:iOS Simulator, arch:arm64, id:423472B5-5A34-4E2F-B2F5-8DDC8577B7DB, OS:15.2, name:iPhone 13 Pro Max }
		{ platform:iOS Simulator, arch:x86_64, id:423472B5-5A34-4E2F-B2F5-8DDC8577B7DB, OS:15.2, name:iPhone 13 Pro Max }
		{ platform:iOS Simulator, arch:arm64, id:39D35260-D3B3-4E78-AB52-5F32BD93C4AA, OS:15.2, name:iPhone 13 mini }
		{ platform:iOS Simulator, arch:x86_64, id:39D35260-D3B3-4E78-AB52-5F32BD93C4AA, OS:15.2, name:iPhone 13 mini }
		{ platform:iOS Simulator, arch:arm64, id:890E96DA-F239-4B3A-9E7B-BD1AC4E77ACE, OS:18.5, name:iPhone 13 mini }
		{ platform:iOS Simulator, arch:x86_64, id:890E96DA-F239-4B3A-9E7B-BD1AC4E77ACE, OS:18.5, name:iPhone 13 mini }
		{ platform:iOS Simulator, arch:arm64, id:169A27F0-3D06-423B-AE53-996369DFC656, OS:18.5, name:iPhone 16 }
		{ platform:iOS Simulator, arch:x86_64, id:169A27F0-3D06-423B-AE53-996369DFC656, OS:18.5, name:iPhone 16 }
		{ platform:iOS Simulator, arch:arm64, id:9782FB1E-02CE-49A6-8F4F-EE9F3FB13268, OS:18.5, name:iPhone 16 Plus }
		{ platform:iOS Simulator, arch:x86_64, id:9782FB1E-02CE-49A6-8F4F-EE9F3FB13268, OS:18.5, name:iPhone 16 Plus }
		{ platform:iOS Simulator, arch:arm64, id:E91CDB7E-14D6-4980-AB3F-96B5C4BD7517, OS:18.5, name:iPhone 16 Pro }
		{ platform:iOS Simulator, arch:x86_64, id:E91CDB7E-14D6-4980-AB3F-96B5C4BD7517, OS:18.5, name:iPhone 16 Pro }
		{ platform:iOS Simulator, arch:arm64, id:481DD558-F984-4AFF-A91F-26520B1E792C, OS:18.5, name:iPhone 16 Pro Max }
		{ platform:iOS Simulator, arch:x86_64, id:481DD558-F984-4AFF-A91F-26520B1E792C, OS:18.5, name:iPhone 16 Pro Max }
		{ platform:iOS Simulator, arch:arm64, id:02613826-F8FD-4874-BC6F-85A7C8517D2C, OS:18.5, name:iPhone 16e }
		{ platform:iOS Simulator, arch:x86_64, id:02613826-F8FD-4874-BC6F-85A7C8517D2C, OS:18.5, name:iPhone 16e }
		{ platform:iOS Simulator, arch:arm64, id:B475992E-2AB9-4D12-A851-78F9AC7A5C00, OS:26.0, name:iPhone 16e }
		{ platform:iOS Simulator, arch:arm64, id:DF759FFD-BBD1-4506-B446-D1583AE57714, OS:26.0, name:iPhone 17 }
		{ platform:iOS Simulator, arch:arm64, id:CA0E6195-4F38-462B-9654-29ABA2D0E4BE, OS:26.0, name:iPhone 17 Pro }
		{ platform:iOS Simulator, arch:arm64, id:C44AB877-70D4-42A2-B8F6-9F7264C21B17, OS:26.0, name:iPhone 17 Pro Max }
		{ platform:iOS Simulator, arch:arm64, id:9DD6F247-B809-4EC9-A115-193F418E0FF7, OS:26.0, name:iPhone Air }
		{ platform:iOS Simulator, arch:arm64, id:632568BF-7AE6-45CA-9299-D0EC570BB7E6, OS:15.2, name:iPhone SE (2nd generation) }
		{ platform:iOS Simulator, arch:x86_64, id:632568BF-7AE6-45CA-9299-D0EC570BB7E6, OS:15.2, name:iPhone SE (2nd generation) }
		{ platform:iOS Simulator, arch:arm64, id:C40529AD-AB05-4FB4-9156-AE20B46CBC5C, OS:18.5, name:iPhone SE (3rd generation) }
		{ platform:iOS Simulator, arch:x86_64, id:C40529AD-AB05-4FB4-9156-AE20B46CBC5C, OS:18.5, name:iPhone SE (3rd generation) }
		{ platform:iOS Simulator, arch:arm64, id:0C2EAA6B-8CE4-4113-BE01-D28AE103F3E5, OS:15.2, name:iPod touch (7th generation) }
		{ platform:iOS Simulator, arch:x86_64, id:0C2EAA6B-8CE4-4113-BE01-D28AE103F3E5, OS:15.2, name:iPod touch (7th generation) }
		{ platform:iOS Simulator, arch:arm64, id:6EA7DEAA-3D4E-416E-90F5-944FF0F6AB68, OS:18.5, name:ipad 9 }
		{ platform:iOS Simulator, arch:x86_64, id:6EA7DEAA-3D4E-416E-90F5-944FF0F6AB68, OS:18.5, name:ipad 9 }
		{ platform:iOS Simulator, arch:arm64, id:F0FF30B7-9E07-420E-8E0C-4CBF87C1AAAF, OS:26.0, name:ipad m4 ios 26 }
		{ platform:iOS Simulator, arch:arm64, id:E29B6046-8D4D-4A93-B511-D00B6FE7E7C8, OS:15.2, name:iphone ios 15 }
		{ platform:iOS Simulator, arch:x86_64, id:E29B6046-8D4D-4A93-B511-D00B6FE7E7C8, OS:15.2, name:iphone ios 15 }
		{ platform:iOS Simulator, arch:arm64, id:D2A09EE0-FF95-4790-B4F8-45381DA5033D, OS:18.5, name:iphone se 2 }
		{ platform:iOS Simulator, arch:x86_64, id:D2A09EE0-FF95-4790-B4F8-45381DA5033D, OS:18.5, name:iphone se 2 }
		{ platform:iOS Simulator, arch:arm64, id:9B5782CC-843D-4F56-BF2E-79B5B9781223, OS:15.2, name:ipod 7th gen touch }
		{ platform:iOS Simulator, arch:x86_64, id:9B5782CC-843D-4F56-BF2E-79B5B9781223, OS:15.2, name:ipod 7th gen touch }
		{ platform:iOS Simulator, arch:arm64, id:61E96C5D-1F44-45D9-8A90-6FEB7745939C, OS:15.2, name:ipphone se1 }
		{ platform:iOS Simulator, arch:x86_64, id:61E96C5D-1F44-45D9-8A90-6FEB7745939C, OS:15.2, name:ipphone se1 }
